<?xml version="1.0" encoding="UTF-8"?>
<!-- Generated by org.testng.reporters.JUnitReportReporter -->
<testsuite hostname="Alex-PC" failures="0" tests="1" name="com.gmail.ulsdet.tests.LoginPageTest" time="16.493" errors="0" timestamp="07 окт. 2018 15:57:37 GMT" skipped="0">
  <testcase classname="com.gmail.ulsdet.tests.LoginPageTest" name="loginTest" time="16.493"/>
</testsuite> <!-- com.gmail.ulsdet.tests.LoginPageTest -->
